<?xml version="1.0" encoding="UTF-8"?>
<testng-results ignored="0" total="1" passed="1" failed="0" skipped="0">
  <reporter-output>
  </reporter-output>
  <suite started-at="2024-09-16T13:04:46 PDT" name="Default suite" finished-at="2024-09-16T13:04:51 PDT" duration-ms="5091">
    <groups>
    </groups>
    <test started-at="2024-09-16T13:04:46 PDT" name="Default test" finished-at="2024-09-16T13:04:51 PDT" duration-ms="5091">
      <class name="Automation.WebTableSortingStreams">
        <test-method signature="webTableSort()[pri:0, instance:Automation.WebTableSortingStreams@783a467b]" started-at="2024-09-16T13:04:46 PDT" name="webTableSort" finished-at="2024-09-16T13:04:51 PDT" duration-ms="5021" status="PASS">
          <reporter-output>
          </reporter-output>
        </test-method> <!-- webTableSort -->
      </class> <!-- Automation.WebTableSortingStreams -->
    </test> <!-- Default test -->
  </suite> <!-- Default suite -->
</testng-results>
